<?xml version="1.0" encoding="utf-8"?><testsuites name="pytest tests"><testsuite name="pytest" errors="0" failures="1" skipped="0" tests="21" time="3.343" timestamp="2026-06-27T02:11:57.868331+00:00" hostname="agent-env-93f9e896-bb37-486e-848d-94509f43247c"><testcase classname="tests.backend_test" name="test_root" time="0.267" /><testcase classname="tests.backend_test" name="test_meta" time="0.047" /><testcase classname="tests.backend_test" name="test_seed_demo_idempotent" time="0.058"><failure message="AssertionError: assert False is True&#10; +  where False = &lt;built-in method get of dict object at 0xfdbf09b19cc0&gt;('seeded')&#10; +    where &lt;built-in method get of dict object at 0xfdbf09b19cc0&gt; = {'seeded': False, 'reason': 'questions already exist', 'count': 8}.get">backend/tests/backend_test.py:48: in test_seed_demo_idempotent
    assert j1.get("seeded") is True
E   AssertionError: assert False is True
E    +  where False = &lt;built-in method get of dict object at 0xfdbf09b19cc0&gt;('seeded')
E    +    where &lt;built-in method get of dict object at 0xfdbf09b19cc0&gt; = {'seeded': False, 'reason': 'questions already exist', 'count': 8}.get</failure></testcase><testcase classname="tests.backend_test" name="test_question_invalid_subject" time="0.046" /><testcase classname="tests.backend_test" name="test_question_crud_and_enrichment" time="0.254" /><testcase classname="tests.backend_test" name="test_question_filters" time="0.218" /><testcase classname="tests.backend_test" name="test_bulk_create_and_delete" time="0.186" /><testcase classname="tests.backend_test" name="test_practice_submit_srs_advance_and_reset" time="0.209" /><testcase classname="tests.backend_test" name="test_practice_next_due_mode" time="0.048" /><testcase classname="tests.backend_test" name="test_srs_due" time="0.050" /><testcase classname="tests.backend_test" name="test_study_logs_crud" time="0.135" /><testcase classname="tests.backend_test" name="test_timeline_create_and_autolog" time="0.093" /><testcase classname="tests.backend_test" name="test_timeline_schedule_and_complete_revision" time="0.138" /><testcase classname="tests.backend_test" name="test_timeline_delete_cascades" time="0.185" /><testcase classname="tests.backend_test" name="test_revisit_create_bad_type" time="0.044" /><testcase classname="tests.backend_test" name="test_revisit_flow" time="0.189" /><testcase classname="tests.backend_test" name="test_calendar" time="0.052" /><testcase classname="tests.backend_test" name="test_pulse" time="0.063" /><testcase classname="tests.backend_test" name="test_settings" time="0.151" /><testcase classname="tests.backend_test" name="test_mistakes_modes" time="0.188" /><testcase classname="tests.backend_test" name="test_zz_cleanup_test_question" time="0.108" /></testsuite></testsuites>